Using pre-set license
Built from '2020.3/staging' branch; Version is '2020.3.40f1 (ba48d4efcef1) revision 12208340'; Using compiler version '192528614'; Build Type 'Release'
OS: 'Windows 10  (10.0.19044) 64bit Core' Language: 'ko' Physical Memory: 16313 MB
BatchMode: 1, IsHumanControllingUs: 0, StartBugReporterOnCrash: 0, Is64bit: 1, IsPro: 0

COMMAND LINE ARGUMENTS:
C:\Program Files\Unity\Hub\Editor\2020.3.40f1\Editor\Unity.exe
-adb2
-batchMode
-noUpm
-name
AssetImportWorker0
-projectPath
C:/Users/psc/ruby_rpg
-logFile
Logs/AssetImportWorker0.log
-srvPort
57234
Successfully changed project path to: C:/Users/psc/ruby_rpg
C:/Users/psc/ruby_rpg
Using Asset Import Pipeline V2.
Refreshing native plugins compatible for Editor in 56.18 ms, found 3 plugins.
Preloading 0 native plugins for Editor in 0.00 ms.
Initialize engine version: 2020.3.40f1 (ba48d4efcef1)
[Subsystems] Discovering subsystems at path C:/Program Files/Unity/Hub/Editor/2020.3.40f1/Editor/Data/Resources/UnitySubsystems
[Subsystems] Discovering subsystems at path C:/Users/psc/ruby_rpg/Assets
GfxDevice: creating device client; threaded=0
Direct3D:
    Version:  Direct3D 11.0 [level 11.1]
    Renderer: NVIDIA GeForce GTX 1660 (ID=0x2184)
    Vendor:   
    VRAM:     5991 MB
    Driver:   30.0.15.1179
Initialize mono
Mono path[0] = 'C:/Program Files/Unity/Hub/Editor/2020.3.40f1/Editor/Data/Managed'
Mono path[1] = 'C:/Program Files/Unity/Hub/Editor/2020.3.40f1/Editor/Data/MonoBleedingEdge/lib/mono/unityjit'
Mono config path = 'C:/Program Files/Unity/Hub/Editor/2020.3.40f1/Editor/Data/MonoBleedingEdge/etc'
Using monoOptions --debugger-agent=transport=dt_socket,embedding=1,server=y,suspend=n,address=127.0.0.1:56508
Begin MonoManager ReloadAssembly
Registering precompiled unity dll's ...
Register platform support module: C:/Program Files/Unity/Hub/Editor/2020.3.40f1/Editor/Data/PlaybackEngines/WindowsStandaloneSupport/UnityEditor.WindowsStandalone.Extensions.dll
Registered in 0.005112 seconds.
Native extension for WindowsStandalone target not found
Refreshing native plugins compatible for Editor in 47.59 ms, found 3 plugins.
Preloading 0 native plugins for Editor in 0.00 ms.
Mono: successfully reloaded assembly
- Completed reload, in  0.725 seconds
Domain Reload Profiling:
	ReloadAssembly (725ms)
		BeginReloadAssembly (108ms)
			ExecutionOrderSort (0ms)
			DisableScriptedObjects (0ms)
			BackupInstance (0ms)
			ReleaseScriptingObjects (0ms)
			CreateAndSetChildDomain (1ms)
		EndReloadAssembly (503ms)
			LoadAssemblies (103ms)
			RebuildTransferFunctionScriptingTraits (0ms)
			SetupTypeCache (168ms)
			ReleaseScriptCaches (0ms)
			RebuildScriptCaches (36ms)
			SetupLoadedEditorAssemblies (176ms)
				LogAssemblyErrors (0ms)
				InitializePlatformSupportModulesInManaged (6ms)
				SetLoadedEditorAssemblies (1ms)
				RefreshPlugins (48ms)
				BeforeProcessingInitializeOnLoad (16ms)
				ProcessInitializeOnLoadAttributes (78ms)
				ProcessInitializeOnLoadMethodAttributes (27ms)
				AfterProcessingInitializeOnLoad (0ms)
				EditorAssembliesLoaded (0ms)
			ExecutionOrderSort2 (0ms)
			AwakeInstancesAfterBackupRestoration (0ms)
Platform modules already initialized, skipping
Registering precompiled user dll's ...
Registered in 0.006994 seconds.
Begin MonoManager ReloadAssembly
Native extension for WindowsStandalone target not found
Refreshing native plugins compatible for Editor in 46.15 ms, found 3 plugins.
Preloading 0 native plugins for Editor in 0.00 ms.
Mono: successfully reloaded assembly
- Completed reload, in  1.325 seconds
Domain Reload Profiling:
	ReloadAssembly (1326ms)
		BeginReloadAssembly (201ms)
			ExecutionOrderSort (0ms)
			DisableScriptedObjects (4ms)
			BackupInstance (0ms)
			ReleaseScriptingObjects (0ms)
			CreateAndSetChildDomain (19ms)
		EndReloadAssembly (1041ms)
			LoadAssemblies (158ms)
			RebuildTransferFunctionScriptingTraits (0ms)
			SetupTypeCache (329ms)
			ReleaseScriptCaches (0ms)
			RebuildScriptCaches (49ms)
			SetupLoadedEditorAssemblies (411ms)
				LogAssemblyErrors (0ms)
				InitializePlatformSupportModulesInManaged (5ms)
				SetLoadedEditorAssemblies (0ms)
				RefreshPlugins (46ms)
				BeforeProcessingInitializeOnLoad (115ms)
				ProcessInitializeOnLoadAttributes (207ms)
				ProcessInitializeOnLoadMethodAttributes (22ms)
				AfterProcessingInitializeOnLoad (15ms)
				EditorAssembliesLoaded (0ms)
			ExecutionOrderSort2 (0ms)
			AwakeInstancesAfterBackupRestoration (2ms)
Platform modules already initialized, skipping
========================================================================
Worker process is ready to serve import requests
Launched and connected shader compiler UnityShaderCompiler.exe after 0.07 seconds
Refreshing native plugins compatible for Editor in 0.43 ms, found 3 plugins.
Preloading 0 native plugins for Editor in 0.00 ms.
Unloading 2221 Unused Serialized files (Serialized files now loaded: 0)
System memory in use before: 100.2 MB.
System memory in use after: 100.1 MB.

Unloading 31 unused Assets to reduce memory usage. Loaded Objects now: 2655.
Total: 3.473700 ms (FindLiveObjects: 0.250500 ms CreateObjectMapping: 0.124800 ms MarkObjects: 2.842400 ms  DeleteObjects: 0.254800 ms)

AssetImportParameters requested are different than current active one (requested -> active):
  custom:framework-win-MediaFoundation: 216162199b28c13a410421893ffa2e32 -> 
  custom:video-decoder-ogg-theora: a1e56fd34408186e4bbccfd4996cb3dc -> 
  custom:container-muxer-webm: aa71ff27fc2769a1b78a27578f13a17b -> 
  custom:container-demuxer-webm: 4f35f7cbe854078d1ac9338744f61a02 -> 
  custom:container-demuxer-ogg: 62fdf1f143b41e24485cea50d1cbac27 -> 
  custom:video-encoder-webm-vp8: eb34c28f22e8b96e1ab97ce403110664 -> 
  custom:video-decoder-webm-vp8: 9c59270c3fd7afecdb556c50c9e8de78 -> 
  custom:audio-decoder-ogg-vorbis: bf7c407c2cedff20999df2af8eb42d56 -> 
  custom:audio-encoder-webm-vorbis: bf7c407c2cedff20999df2af8eb42d56 -> 
========================================================================
Received Import Request.
  path: Assets/Prefabs/ruby.prefab
  artifactKey: Guid(c039bbee3e6d2dd418c23410678b5d0f) Importer(815301076,1909f56bfc062723c751e8b465ee728b)
Start importing Assets/Prefabs/ruby.prefab using Guid(c039bbee3e6d2dd418c23410678b5d0f) Importer(815301076,1909f56bfc062723c751e8b465ee728b)  -> (artifact id: '805677e9ae386873619818a32ea460a7') in 0.137443 seconds 
========================================================================
Received Import Request.
  Time since last request: 16.751731 seconds.
  path: Assets/Prefabs/ruby.prefab
  artifactKey: Guid(c039bbee3e6d2dd418c23410678b5d0f) Importer(815301076,1909f56bfc062723c751e8b465ee728b)
Start importing Assets/Prefabs/ruby.prefab using Guid(c039bbee3e6d2dd418c23410678b5d0f) Importer(815301076,1909f56bfc062723c751e8b465ee728b)  -> (artifact id: 'a9c444c3665d01c288816a1a951b7a68') in 0.016842 seconds 
========================================================================
Received Prepare
Registering precompiled user dll's ...
Registered in 0.006761 seconds.
Begin MonoManager ReloadAssembly
Native extension for WindowsStandalone target not found
Refreshing native plugins compatible for Editor in 0.60 ms, found 3 plugins.
Preloading 0 native plugins for Editor in 0.00 ms.
Mono: successfully reloaded assembly
- Completed reload, in  1.186 seconds
Domain Reload Profiling:
	ReloadAssembly (1187ms)
		BeginReloadAssembly (170ms)
			ExecutionOrderSort (0ms)
			DisableScriptedObjects (6ms)
			BackupInstance (0ms)
			ReleaseScriptingObjects (0ms)
			CreateAndSetChildDomain (35ms)
		EndReloadAssembly (937ms)
			LoadAssemblies (166ms)
			RebuildTransferFunctionScriptingTraits (0ms)
			SetupTypeCache (316ms)
			ReleaseScriptCaches (1ms)
			RebuildScriptCaches (45ms)
			SetupLoadedEditorAssemblies (346ms)
				LogAssemblyErrors (0ms)
				InitializePlatformSupportModulesInManaged (5ms)
				SetLoadedEditorAssemblies (0ms)
				RefreshPlugins (1ms)
				BeforeProcessingInitializeOnLoad (107ms)
				ProcessInitializeOnLoadAttributes (203ms)
				ProcessInitializeOnLoadMethodAttributes (16ms)
				AfterProcessingInitializeOnLoad (15ms)
				EditorAssembliesLoaded (0ms)
			ExecutionOrderSort2 (0ms)
			AwakeInstancesAfterBackupRestoration (5ms)
Platform modules already initialized, skipping
Refreshing native plugins compatible for Editor in 0.60 ms, found 3 plugins.
Preloading 0 native plugins for Editor in 0.00 ms.
Unloading 2216 Unused Serialized files (Serialized files now loaded: 0)
System memory in use before: 103.1 MB.
System memory in use after: 103.1 MB.

Unloading 20 unused Assets to reduce memory usage. Loaded Objects now: 2666.
Total: 3.222100 ms (FindLiveObjects: 0.193000 ms CreateObjectMapping: 0.070800 ms MarkObjects: 2.772500 ms  DeleteObjects: 0.185100 ms)

AssetImportParameters requested are different than current active one (requested -> active):
  custom:framework-win-MediaFoundation: 216162199b28c13a410421893ffa2e32 -> 
  custom:video-decoder-ogg-theora: a1e56fd34408186e4bbccfd4996cb3dc -> 
  custom:container-muxer-webm: aa71ff27fc2769a1b78a27578f13a17b -> 
  custom:container-demuxer-webm: 4f35f7cbe854078d1ac9338744f61a02 -> 
  custom:container-demuxer-ogg: 62fdf1f143b41e24485cea50d1cbac27 -> 
  custom:video-encoder-webm-vp8: eb34c28f22e8b96e1ab97ce403110664 -> 
  custom:video-decoder-webm-vp8: 9c59270c3fd7afecdb556c50c9e8de78 -> 
  custom:audio-decoder-ogg-vorbis: bf7c407c2cedff20999df2af8eb42d56 -> 
  custom:audio-encoder-webm-vorbis: bf7c407c2cedff20999df2af8eb42d56 -> 
========================================================================
Received Prepare
Registering precompiled user dll's ...
Registered in 0.008207 seconds.
Begin MonoManager ReloadAssembly
Native extension for WindowsStandalone target not found
Refreshing native plugins compatible for Editor in 0.64 ms, found 3 plugins.
Preloading 0 native plugins for Editor in 0.00 ms.
Mono: successfully reloaded assembly
- Completed reload, in  1.195 seconds
Domain Reload Profiling:
	ReloadAssembly (1195ms)
		BeginReloadAssembly (177ms)
			ExecutionOrderSort (0ms)
			DisableScriptedObjects (6ms)
			BackupInstance (0ms)
			ReleaseScriptingObjects (0ms)
			CreateAndSetChildDomain (38ms)
		EndReloadAssembly (938ms)
			LoadAssemblies (173ms)
			RebuildTransferFunctionScriptingTraits (0ms)
			SetupTypeCache (328ms)
			ReleaseScriptCaches (1ms)
			RebuildScriptCaches (42ms)
			SetupLoadedEditorAssemblies (348ms)
				LogAssemblyErrors (0ms)
				InitializePlatformSupportModulesInManaged (5ms)
				SetLoadedEditorAssemblies (0ms)
				RefreshPlugins (1ms)
				BeforeProcessingInitializeOnLoad (102ms)
				ProcessInitializeOnLoadAttributes (210ms)
				ProcessInitializeOnLoadMethodAttributes (16ms)
				AfterProcessingInitializeOnLoad (15ms)
				EditorAssembliesLoaded (0ms)
			ExecutionOrderSort2 (0ms)
			AwakeInstancesAfterBackupRestoration (5ms)
Platform modules already initialized, skipping
Refreshing native plugins compatible for Editor in 0.79 ms, found 3 plugins.
Preloading 0 native plugins for Editor in 0.00 ms.
Unloading 2216 Unused Serialized files (Serialized files now loaded: 0)
System memory in use before: 103.2 MB.
System memory in use after: 103.1 MB.

Unloading 20 unused Assets to reduce memory usage. Loaded Objects now: 2669.
Total: 3.148900 ms (FindLiveObjects: 0.135700 ms CreateObjectMapping: 0.068300 ms MarkObjects: 2.835800 ms  DeleteObjects: 0.108300 ms)

AssetImportParameters requested are different than current active one (requested -> active):
  custom:framework-win-MediaFoundation: 216162199b28c13a410421893ffa2e32 -> 
  custom:video-decoder-ogg-theora: a1e56fd34408186e4bbccfd4996cb3dc -> 
  custom:container-muxer-webm: aa71ff27fc2769a1b78a27578f13a17b -> 
  custom:container-demuxer-webm: 4f35f7cbe854078d1ac9338744f61a02 -> 
  custom:container-demuxer-ogg: 62fdf1f143b41e24485cea50d1cbac27 -> 
  custom:video-encoder-webm-vp8: eb34c28f22e8b96e1ab97ce403110664 -> 
  custom:video-decoder-webm-vp8: 9c59270c3fd7afecdb556c50c9e8de78 -> 
  custom:audio-decoder-ogg-vorbis: bf7c407c2cedff20999df2af8eb42d56 -> 
  custom:audio-encoder-webm-vorbis: bf7c407c2cedff20999df2af8eb42d56 -> 
========================================================================
Received Import Request.
  Time since last request: 536.480262 seconds.
  path: Assets/Prefabs/ruby.prefab
  artifactKey: Guid(c039bbee3e6d2dd418c23410678b5d0f) Importer(815301076,1909f56bfc062723c751e8b465ee728b)
Start importing Assets/Prefabs/ruby.prefab using Guid(c039bbee3e6d2dd418c23410678b5d0f) Importer(815301076,1909f56bfc062723c751e8b465ee728b)  -> (artifact id: '3f0ad4f65322a998ff3e14f19aa5e466') in 0.056177 seconds 
========================================================================
Received Import Request.
  Time since last request: 43.340224 seconds.
  path: Assets/Prefabs/ruby.prefab
  artifactKey: Guid(c039bbee3e6d2dd418c23410678b5d0f) Importer(815301076,1909f56bfc062723c751e8b465ee728b)
Start importing Assets/Prefabs/ruby.prefab using Guid(c039bbee3e6d2dd418c23410678b5d0f) Importer(815301076,1909f56bfc062723c751e8b465ee728b)  -> (artifact id: '843ac479786e7b5fc861398648cb9519') in 0.014878 seconds 
========================================================================
Received Import Request.
  Time since last request: 22.957446 seconds.
  path: Assets/Prefabs/MetalCube.prefab
  artifactKey: Guid(934f1cdf259e63b4cb97d699e585ce0a) Importer(815301076,1909f56bfc062723c751e8b465ee728b)
Start importing Assets/Prefabs/MetalCube.prefab using Guid(934f1cdf259e63b4cb97d699e585ce0a) Importer(815301076,1909f56bfc062723c751e8b465ee728b)  -> (artifact id: '61a05ae077cd366a8165921f8231e8cd') in 0.016546 seconds 
========================================================================
Received Prepare
Registering precompiled user dll's ...
Registered in 0.006230 seconds.
Begin MonoManager ReloadAssembly
Native extension for WindowsStandalone target not found
Refreshing native plugins compatible for Editor in 0.60 ms, found 3 plugins.
Preloading 0 native plugins for Editor in 0.00 ms.
Mono: successfully reloaded assembly
- Completed reload, in  1.239 seconds
Domain Reload Profiling:
	ReloadAssembly (1239ms)
		BeginReloadAssembly (184ms)
			ExecutionOrderSort (0ms)
			DisableScriptedObjects (6ms)
			BackupInstance (0ms)
			ReleaseScriptingObjects (0ms)
			CreateAndSetChildDomain (41ms)
		EndReloadAssembly (981ms)
			LoadAssemblies (170ms)
			RebuildTransferFunctionScriptingTraits (0ms)
			SetupTypeCache (324ms)
			ReleaseScriptCaches (1ms)
			RebuildScriptCaches (52ms)
			SetupLoadedEditorAssemblies (386ms)
				LogAssemblyErrors (0ms)
				InitializePlatformSupportModulesInManaged (5ms)
				SetLoadedEditorAssemblies (0ms)
				RefreshPlugins (1ms)
				BeforeProcessingInitializeOnLoad (117ms)
				ProcessInitializeOnLoadAttributes (228ms)
				ProcessInitializeOnLoadMethodAttributes (19ms)
				AfterProcessingInitializeOnLoad (16ms)
				EditorAssembliesLoaded (0ms)
			ExecutionOrderSort2 (0ms)
			AwakeInstancesAfterBackupRestoration (4ms)
Platform modules already initialized, skipping
Refreshing native plugins compatible for Editor in 0.49 ms, found 3 plugins.
Preloading 0 native plugins for Editor in 0.00 ms.
Unloading 2216 Unused Serialized files (Serialized files now loaded: 0)
System memory in use before: 103.2 MB.
System memory in use after: 103.1 MB.

Unloading 20 unused Assets to reduce memory usage. Loaded Objects now: 2673.
Total: 3.199000 ms (FindLiveObjects: 0.206500 ms CreateObjectMapping: 0.082500 ms MarkObjects: 2.777900 ms  DeleteObjects: 0.131200 ms)

AssetImportParameters requested are different than current active one (requested -> active):
  custom:framework-win-MediaFoundation: 216162199b28c13a410421893ffa2e32 -> 
  custom:video-decoder-ogg-theora: a1e56fd34408186e4bbccfd4996cb3dc -> 
  custom:container-muxer-webm: aa71ff27fc2769a1b78a27578f13a17b -> 
  custom:container-demuxer-webm: 4f35f7cbe854078d1ac9338744f61a02 -> 
  custom:container-demuxer-ogg: 62fdf1f143b41e24485cea50d1cbac27 -> 
  custom:video-encoder-webm-vp8: eb34c28f22e8b96e1ab97ce403110664 -> 
  custom:video-decoder-webm-vp8: 9c59270c3fd7afecdb556c50c9e8de78 -> 
  custom:audio-decoder-ogg-vorbis: bf7c407c2cedff20999df2af8eb42d56 -> 
  custom:audio-encoder-webm-vorbis: bf7c407c2cedff20999df2af8eb42d56 -> 
========================================================================
Received Import Request.
  Time since last request: 118.214879 seconds.
  path: Assets/Prefabs/ruby.prefab
  artifactKey: Guid(c039bbee3e6d2dd418c23410678b5d0f) Importer(815301076,1909f56bfc062723c751e8b465ee728b)
Start importing Assets/Prefabs/ruby.prefab using Guid(c039bbee3e6d2dd418c23410678b5d0f) Importer(815301076,1909f56bfc062723c751e8b465ee728b)  -> (artifact id: '1eb36834a4fa1ac3e445b6eebe5a67bf') in 0.053281 seconds 
========================================================================
Received Prepare
Registering precompiled user dll's ...
Registered in 0.006482 seconds.
Begin MonoManager ReloadAssembly
Native extension for WindowsStandalone target not found
Refreshing native plugins compatible for Editor in 0.58 ms, found 3 plugins.
Preloading 0 native plugins for Editor in 0.00 ms.
Mono: successfully reloaded assembly
- Completed reload, in  1.271 seconds
Domain Reload Profiling:
	ReloadAssembly (1271ms)
		BeginReloadAssembly (175ms)
			ExecutionOrderSort (0ms)
			DisableScriptedObjects (7ms)
			BackupInstance (0ms)
			ReleaseScriptingObjects (0ms)
			CreateAndSetChildDomain (36ms)
		EndReloadAssembly (1012ms)
			LoadAssemblies (175ms)
			RebuildTransferFunctionScriptingTraits (0ms)
			SetupTypeCache (362ms)
			ReleaseScriptCaches (1ms)
			RebuildScriptCaches (47ms)
			SetupLoadedEditorAssemblies (367ms)
				LogAssemblyErrors (0ms)
				InitializePlatformSupportModulesInManaged (6ms)
				SetLoadedEditorAssemblies (0ms)
				RefreshPlugins (1ms)
				BeforeProcessingInitializeOnLoad (110ms)
				ProcessInitializeOnLoadAttributes (218ms)
				ProcessInitializeOnLoadMethodAttributes (16ms)
				AfterProcessingInitializeOnLoad (15ms)
				EditorAssembliesLoaded (0ms)
			ExecutionOrderSort2 (0ms)
			AwakeInstancesAfterBackupRestoration (4ms)
Platform modules already initialized, skipping
Refreshing native plugins compatible for Editor in 0.77 ms, found 3 plugins.
Preloading 0 native plugins for Editor in 0.00 ms.
Unloading 2216 Unused Serialized files (Serialized files now loaded: 0)
System memory in use before: 103.3 MB.
System memory in use after: 103.3 MB.

Unloading 20 unused Assets to reduce memory usage. Loaded Objects now: 2677.
Total: 3.588200 ms (FindLiveObjects: 0.143100 ms CreateObjectMapping: 0.072500 ms MarkObjects: 3.223400 ms  DeleteObjects: 0.148400 ms)

AssetImportParameters requested are different than current active one (requested -> active):
  custom:framework-win-MediaFoundation: 216162199b28c13a410421893ffa2e32 -> 
  custom:video-decoder-ogg-theora: a1e56fd34408186e4bbccfd4996cb3dc -> 
  custom:container-muxer-webm: aa71ff27fc2769a1b78a27578f13a17b -> 
  custom:container-demuxer-webm: 4f35f7cbe854078d1ac9338744f61a02 -> 
  custom:container-demuxer-ogg: 62fdf1f143b41e24485cea50d1cbac27 -> 
  custom:video-encoder-webm-vp8: eb34c28f22e8b96e1ab97ce403110664 -> 
  custom:video-decoder-webm-vp8: 9c59270c3fd7afecdb556c50c9e8de78 -> 
  custom:audio-decoder-ogg-vorbis: bf7c407c2cedff20999df2af8eb42d56 -> 
  custom:audio-encoder-webm-vorbis: bf7c407c2cedff20999df2af8eb42d56 -> 
========================================================================
Received Prepare
Registering precompiled user dll's ...
Registered in 0.008402 seconds.
Begin MonoManager ReloadAssembly
Native extension for WindowsStandalone target not found
Refreshing native plugins compatible for Editor in 0.47 ms, found 3 plugins.
Preloading 0 native plugins for Editor in 0.00 ms.
Mono: successfully reloaded assembly
- Completed reload, in  1.255 seconds
Domain Reload Profiling:
	ReloadAssembly (1256ms)
		BeginReloadAssembly (192ms)
			ExecutionOrderSort (0ms)
			DisableScriptedObjects (10ms)
			BackupInstance (0ms)
			ReleaseScriptingObjects (0ms)
			CreateAndSetChildDomain (39ms)
		EndReloadAssembly (971ms)
			LoadAssemblies (176ms)
			RebuildTransferFunctionScriptingTraits (0ms)
			SetupTypeCache (333ms)
			ReleaseScriptCaches (1ms)
			RebuildScriptCaches (47ms)
			SetupLoadedEditorAssemblies (359ms)
				LogAssemblyErrors (0ms)
				InitializePlatformSupportModulesInManaged (5ms)
				SetLoadedEditorAssemblies (0ms)
				RefreshPlugins (1ms)
				BeforeProcessingInitializeOnLoad (106ms)
				ProcessInitializeOnLoadAttributes (215ms)
				ProcessInitializeOnLoadMethodAttributes (17ms)
				AfterProcessingInitializeOnLoad (14ms)
				EditorAssembliesLoaded (0ms)
			ExecutionOrderSort2 (0ms)
			AwakeInstancesAfterBackupRestoration (4ms)
Platform modules already initialized, skipping
Refreshing native plugins compatible for Editor in 0.46 ms, found 3 plugins.
Preloading 0 native plugins for Editor in 0.00 ms.
Unloading 2216 Unused Serialized files (Serialized files now loaded: 0)
System memory in use before: 103.3 MB.
System memory in use after: 103.3 MB.

Unloading 20 unused Assets to reduce memory usage. Loaded Objects now: 2680.
Total: 3.487100 ms (FindLiveObjects: 0.166200 ms CreateObjectMapping: 0.065700 ms MarkObjects: 3.079700 ms  DeleteObjects: 0.174400 ms)

AssetImportParameters requested are different than current active one (requested -> active):
  custom:framework-win-MediaFoundation: 216162199b28c13a410421893ffa2e32 -> 
  custom:video-decoder-ogg-theora: a1e56fd34408186e4bbccfd4996cb3dc -> 
  custom:container-muxer-webm: aa71ff27fc2769a1b78a27578f13a17b -> 
  custom:container-demuxer-webm: 4f35f7cbe854078d1ac9338744f61a02 -> 
  custom:container-demuxer-ogg: 62fdf1f143b41e24485cea50d1cbac27 -> 
  custom:video-encoder-webm-vp8: eb34c28f22e8b96e1ab97ce403110664 -> 
  custom:video-decoder-webm-vp8: 9c59270c3fd7afecdb556c50c9e8de78 -> 
  custom:audio-decoder-ogg-vorbis: bf7c407c2cedff20999df2af8eb42d56 -> 
  custom:audio-encoder-webm-vorbis: bf7c407c2cedff20999df2af8eb42d56 -> 
========================================================================
Received Prepare
Registering precompiled user dll's ...
Registered in 0.006305 seconds.
Begin MonoManager ReloadAssembly
Native extension for WindowsStandalone target not found
Refreshing native plugins compatible for Editor in 0.53 ms, found 3 plugins.
Preloading 0 native plugins for Editor in 0.00 ms.
Mono: successfully reloaded assembly
- Completed reload, in  1.202 seconds
Domain Reload Profiling:
	ReloadAssembly (1202ms)
		BeginReloadAssembly (167ms)
			ExecutionOrderSort (0ms)
			DisableScriptedObjects (6ms)
			BackupInstance (0ms)
			ReleaseScriptingObjects (0ms)
			CreateAndSetChildDomain (38ms)
		EndReloadAssembly (956ms)
			LoadAssemblies (161ms)
			RebuildTransferFunctionScriptingTraits (0ms)
			SetupTypeCache (314ms)
			ReleaseScriptCaches (1ms)
			RebuildScriptCaches (55ms)
			SetupLoadedEditorAssemblies (365ms)
				LogAssemblyErrors (0ms)
				InitializePlatformSupportModulesInManaged (6ms)
				SetLoadedEditorAssemblies (1ms)
				RefreshPlugins (1ms)
				BeforeProcessingInitializeOnLoad (112ms)
				ProcessInitializeOnLoadAttributes (211ms)
				ProcessInitializeOnLoadMethodAttributes (18ms)
				AfterProcessingInitializeOnLoad (16ms)
				EditorAssembliesLoaded (0ms)
			ExecutionOrderSort2 (0ms)
			AwakeInstancesAfterBackupRestoration (4ms)
Platform modules already initialized, skipping
Refreshing native plugins compatible for Editor in 0.57 ms, found 3 plugins.
Preloading 0 native plugins for Editor in 0.00 ms.
Unloading 2216 Unused Serialized files (Serialized files now loaded: 0)
System memory in use before: 103.3 MB.
System memory in use after: 103.3 MB.

Unloading 20 unused Assets to reduce memory usage. Loaded Objects now: 2683.
Total: 3.451600 ms (FindLiveObjects: 0.140300 ms CreateObjectMapping: 0.069700 ms MarkObjects: 3.084700 ms  DeleteObjects: 0.155900 ms)

AssetImportParameters requested are different than current active one (requested -> active):
  custom:framework-win-MediaFoundation: 216162199b28c13a410421893ffa2e32 -> 
  custom:video-decoder-ogg-theora: a1e56fd34408186e4bbccfd4996cb3dc -> 
  custom:container-muxer-webm: aa71ff27fc2769a1b78a27578f13a17b -> 
  custom:container-demuxer-webm: 4f35f7cbe854078d1ac9338744f61a02 -> 
  custom:container-demuxer-ogg: 62fdf1f143b41e24485cea50d1cbac27 -> 
  custom:video-encoder-webm-vp8: eb34c28f22e8b96e1ab97ce403110664 -> 
  custom:video-decoder-webm-vp8: 9c59270c3fd7afecdb556c50c9e8de78 -> 
  custom:audio-decoder-ogg-vorbis: bf7c407c2cedff20999df2af8eb42d56 -> 
  custom:audio-encoder-webm-vorbis: bf7c407c2cedff20999df2af8eb42d56 -> 
========================================================================
Received Import Request.
  Time since last request: 819.560576 seconds.
  path: Assets/Prefabs/ruby.prefab
  artifactKey: Guid(c039bbee3e6d2dd418c23410678b5d0f) Importer(815301076,1909f56bfc062723c751e8b465ee728b)
Start importing Assets/Prefabs/ruby.prefab using Guid(c039bbee3e6d2dd418c23410678b5d0f) Importer(815301076,1909f56bfc062723c751e8b465ee728b)  -> (artifact id: '79f452e0e550bbccfe0bac33f8bfe211') in 0.061546 seconds 
========================================================================
Received Import Request.
  Time since last request: 3.104211 seconds.
  path: Assets/Prefabs/ruby.prefab
  artifactKey: Guid(c039bbee3e6d2dd418c23410678b5d0f) Importer(815301076,1909f56bfc062723c751e8b465ee728b)
Start importing Assets/Prefabs/ruby.prefab using Guid(c039bbee3e6d2dd418c23410678b5d0f) Importer(815301076,1909f56bfc062723c751e8b465ee728b)  -> (artifact id: 'cfca2947a1ad00955463e64432fe94de') in 0.017569 seconds 
========================================================================
Received Import Request.
  Time since last request: 3.012606 seconds.
  path: Assets/Prefabs/ruby.prefab
  artifactKey: Guid(c039bbee3e6d2dd418c23410678b5d0f) Importer(815301076,1909f56bfc062723c751e8b465ee728b)
Start importing Assets/Prefabs/ruby.prefab using Guid(c039bbee3e6d2dd418c23410678b5d0f) Importer(815301076,1909f56bfc062723c751e8b465ee728b)  -> (artifact id: '71a18881e5596b5fb98466b8faa6dc4c') in 0.018469 seconds 
========================================================================
Received Import Request.
  Time since last request: 14.752908 seconds.
  path: Assets/Prefabs/MetalCube.prefab
  artifactKey: Guid(934f1cdf259e63b4cb97d699e585ce0a) Importer(815301076,1909f56bfc062723c751e8b465ee728b)
Start importing Assets/Prefabs/MetalCube.prefab using Guid(934f1cdf259e63b4cb97d699e585ce0a) Importer(815301076,1909f56bfc062723c751e8b465ee728b)  -> (artifact id: 'aadd15a83aff622a2a796242ca4eb792') in 0.014190 seconds 
========================================================================
Received Import Request.
  Time since last request: 3.404415 seconds.
  path: Assets/Prefabs/MetalCube.prefab
  artifactKey: Guid(934f1cdf259e63b4cb97d699e585ce0a) Importer(815301076,1909f56bfc062723c751e8b465ee728b)
Start importing Assets/Prefabs/MetalCube.prefab using Guid(934f1cdf259e63b4cb97d699e585ce0a) Importer(815301076,1909f56bfc062723c751e8b465ee728b)  -> (artifact id: '26bd533c151548d4f0ce1ed5217aabc1') in 0.016597 seconds 
========================================================================
Received Import Request.
  Time since last request: 39.833377 seconds.
  path: Assets/Prefabs/MetalCube.prefab
  artifactKey: Guid(934f1cdf259e63b4cb97d699e585ce0a) Importer(815301076,1909f56bfc062723c751e8b465ee728b)
Start importing Assets/Prefabs/MetalCube.prefab using Guid(934f1cdf259e63b4cb97d699e585ce0a) Importer(815301076,1909f56bfc062723c751e8b465ee728b)  -> (artifact id: 'c614227a466623684fd1d591baf3575b') in 0.016238 seconds 
========================================================================
Received Prepare
Registering precompiled user dll's ...
Registered in 0.006880 seconds.
Begin MonoManager ReloadAssembly
Native extension for WindowsStandalone target not found
Refreshing native plugins compatible for Editor in 0.66 ms, found 3 plugins.
Preloading 0 native plugins for Editor in 0.00 ms.
Mono: successfully reloaded assembly
- Completed reload, in  1.204 seconds
Domain Reload Profiling:
	ReloadAssembly (1205ms)
		BeginReloadAssembly (162ms)
			ExecutionOrderSort (0ms)
			DisableScriptedObjects (9ms)
			BackupInstance (0ms)
			ReleaseScriptingObjects (0ms)
			CreateAndSetChildDomain (32ms)
		EndReloadAssembly (967ms)
			LoadAssemblies (158ms)
			RebuildTransferFunctionScriptingTraits (0ms)
			SetupTypeCache (323ms)
			ReleaseScriptCaches (2ms)
			RebuildScriptCaches (54ms)
			SetupLoadedEditorAssemblies (358ms)
				LogAssemblyErrors (0ms)
				InitializePlatformSupportModulesInManaged (6ms)
				SetLoadedEditorAssemblies (1ms)
				RefreshPlugins (1ms)
				BeforeProcessingInitializeOnLoad (109ms)
				ProcessInitializeOnLoadAttributes (205ms)
				ProcessInitializeOnLoadMethodAttributes (21ms)
				AfterProcessingInitializeOnLoad (15ms)
				EditorAssembliesLoaded (0ms)
			ExecutionOrderSort2 (0ms)
			AwakeInstancesAfterBackupRestoration (4ms)
Platform modules already initialized, skipping
Refreshing native plugins compatible for Editor in 0.45 ms, found 3 plugins.
Preloading 0 native plugins for Editor in 0.00 ms.
Unloading 2216 Unused Serialized files (Serialized files now loaded: 0)
System memory in use before: 103.3 MB.
System memory in use after: 103.3 MB.

Unloading 20 unused Assets to reduce memory usage. Loaded Objects now: 2687.
Total: 3.213100 ms (FindLiveObjects: 0.161900 ms CreateObjectMapping: 0.066400 ms MarkObjects: 2.832800 ms  DeleteObjects: 0.151200 ms)

AssetImportParameters requested are different than current active one (requested -> active):
  custom:framework-win-MediaFoundation: 216162199b28c13a410421893ffa2e32 -> 
  custom:video-decoder-ogg-theora: a1e56fd34408186e4bbccfd4996cb3dc -> 
  custom:container-muxer-webm: aa71ff27fc2769a1b78a27578f13a17b -> 
  custom:container-demuxer-webm: 4f35f7cbe854078d1ac9338744f61a02 -> 
  custom:container-demuxer-ogg: 62fdf1f143b41e24485cea50d1cbac27 -> 
  custom:video-encoder-webm-vp8: eb34c28f22e8b96e1ab97ce403110664 -> 
  custom:video-decoder-webm-vp8: 9c59270c3fd7afecdb556c50c9e8de78 -> 
  custom:audio-decoder-ogg-vorbis: bf7c407c2cedff20999df2af8eb42d56 -> 
  custom:audio-encoder-webm-vorbis: bf7c407c2cedff20999df2af8eb42d56 -> 
========================================================================
Received Import Request.
  Time since last request: 31.192701 seconds.
  path: Assets/Prefabs/ruby.prefab
  artifactKey: Guid(c039bbee3e6d2dd418c23410678b5d0f) Importer(815301076,1909f56bfc062723c751e8b465ee728b)
Start importing Assets/Prefabs/ruby.prefab using Guid(c039bbee3e6d2dd418c23410678b5d0f) Importer(815301076,1909f56bfc062723c751e8b465ee728b)  -> (artifact id: '0377740c98aabdd735852a014a09512c') in 0.053352 seconds 
========================================================================
Received Import Request.
  Time since last request: 0.372725 seconds.
  path: Assets/Prefabs/ruby.prefab
  artifactKey: Guid(c039bbee3e6d2dd418c23410678b5d0f) Importer(815301076,1909f56bfc062723c751e8b465ee728b)
Start importing Assets/Prefabs/ruby.prefab using Guid(c039bbee3e6d2dd418c23410678b5d0f) Importer(815301076,1909f56bfc062723c751e8b465ee728b)  -> (artifact id: 'e04acf39b7068bf3b2a33c2edf304278') in 0.017030 seconds 
========================================================================
Received Import Request.
  Time since last request: 1.602039 seconds.
  path: Assets/Prefabs/ruby.prefab
  artifactKey: Guid(c039bbee3e6d2dd418c23410678b5d0f) Importer(815301076,1909f56bfc062723c751e8b465ee728b)
Start importing Assets/Prefabs/ruby.prefab using Guid(c039bbee3e6d2dd418c23410678b5d0f) Importer(815301076,1909f56bfc062723c751e8b465ee728b)  -> (artifact id: 'dc20e5d30e4d6450e867fe7c1d4a148f') in 0.014953 seconds 
========================================================================
Received Prepare
Registering precompiled user dll's ...
Registered in 0.006473 seconds.
Begin MonoManager ReloadAssembly
Native extension for WindowsStandalone target not found
Refreshing native plugins compatible for Editor in 0.43 ms, found 3 plugins.
Preloading 0 native plugins for Editor in 0.00 ms.
Mono: successfully reloaded assembly
- Completed reload, in  1.168 seconds
Domain Reload Profiling:
	ReloadAssembly (1168ms)
		BeginReloadAssembly (199ms)
			ExecutionOrderSort (0ms)
			DisableScriptedObjects (10ms)
			BackupInstance (0ms)
			ReleaseScriptingObjects (0ms)
			CreateAndSetChildDomain (42ms)
		EndReloadAssembly (897ms)
			LoadAssemblies (177ms)
			RebuildTransferFunctionScriptingTraits (0ms)
			SetupTypeCache (311ms)
			ReleaseScriptCaches (1ms)
			RebuildScriptCaches (42ms)
			SetupLoadedEditorAssemblies (336ms)
				LogAssemblyErrors (0ms)
				InitializePlatformSupportModulesInManaged (4ms)
				SetLoadedEditorAssemblies (0ms)
				RefreshPlugins (1ms)
				BeforeProcessingInitializeOnLoad (104ms)
				ProcessInitializeOnLoadAttributes (196ms)
				ProcessInitializeOnLoadMethodAttributes (16ms)
				AfterProcessingInitializeOnLoad (15ms)
				EditorAssembliesLoaded (0ms)
			ExecutionOrderSort2 (0ms)
			AwakeInstancesAfterBackupRestoration (5ms)
Platform modules already initialized, skipping
Refreshing native plugins compatible for Editor in 0.45 ms, found 3 plugins.
Preloading 0 native plugins for Editor in 0.00 ms.
Unloading 2216 Unused Serialized files (Serialized files now loaded: 0)
System memory in use before: 103.4 MB.
System memory in use after: 103.3 MB.

Unloading 20 unused Assets to reduce memory usage. Loaded Objects now: 2691.
Total: 2.812300 ms (FindLiveObjects: 0.157800 ms CreateObjectMapping: 0.064400 ms MarkObjects: 2.437900 ms  DeleteObjects: 0.151200 ms)

AssetImportParameters requested are different than current active one (requested -> active):
  custom:framework-win-MediaFoundation: 216162199b28c13a410421893ffa2e32 -> 
  custom:video-decoder-ogg-theora: a1e56fd34408186e4bbccfd4996cb3dc -> 
  custom:container-muxer-webm: aa71ff27fc2769a1b78a27578f13a17b -> 
  custom:container-demuxer-webm: 4f35f7cbe854078d1ac9338744f61a02 -> 
  custom:container-demuxer-ogg: 62fdf1f143b41e24485cea50d1cbac27 -> 
  custom:video-encoder-webm-vp8: eb34c28f22e8b96e1ab97ce403110664 -> 
  custom:video-decoder-webm-vp8: 9c59270c3fd7afecdb556c50c9e8de78 -> 
  custom:audio-decoder-ogg-vorbis: bf7c407c2cedff20999df2af8eb42d56 -> 
  custom:audio-encoder-webm-vorbis: bf7c407c2cedff20999df2af8eb42d56 -> 
========================================================================
Received Import Request.
  Time since last request: 273.252218 seconds.
  path: Assets/Tile/FirstTile.prefab
  artifactKey: Guid(10fd677a844e4f64494d36f33a8b7a36) Importer(815301076,1909f56bfc062723c751e8b465ee728b)
Start importing Assets/Tile/FirstTile.prefab using Guid(10fd677a844e4f64494d36f33a8b7a36) Importer(815301076,1909f56bfc062723c751e8b465ee728b)  -> (artifact id: '43186a393c69dfd3bc453ff7c9c2e934') in 0.096720 seconds 
========================================================================
Received Import Request.
  Time since last request: 0.000431 seconds.
  path: Assets/Tile/FloorWaterRoundCorners_7.asset
  artifactKey: Guid(6dca24cd6a4273045bbce47ab9a73386) Importer(815301076,1909f56bfc062723c751e8b465ee728b)
Start importing Assets/Tile/FloorWaterRoundCorners_7.asset using Guid(6dca24cd6a4273045bbce47ab9a73386) Importer(815301076,1909f56bfc062723c751e8b465ee728b)  -> (artifact id: '370d32c1258b8b37dfeed10549a3672c') in 0.028907 seconds 
========================================================================
Received Import Request.
  Time since last request: 0.000470 seconds.
  path: Assets/Tile/FloorWaterRoundCorners_6.asset
  artifactKey: Guid(6b689d1b00a48c34a92d8bc31645674f) Importer(815301076,1909f56bfc062723c751e8b465ee728b)
Start importing Assets/Tile/FloorWaterRoundCorners_6.asset using Guid(6b689d1b00a48c34a92d8bc31645674f) Importer(815301076,1909f56bfc062723c751e8b465ee728b)  -> (artifact id: 'bff0a4d27dc2f55d5a62b530e566a0b6') in 0.016725 seconds 
========================================================================
Received Import Request.
  Time since last request: 0.000378 seconds.
  path: Assets/Tile/FloorGrassToBricksSquare_4.asset
  artifactKey: Guid(786a7f7973c163f47bad7974caf79720) Importer(815301076,1909f56bfc062723c751e8b465ee728b)
Start importing Assets/Tile/FloorGrassToBricksSquare_4.asset using Guid(786a7f7973c163f47bad7974caf79720) Importer(815301076,1909f56bfc062723c751e8b465ee728b)  -> (artifact id: 'f1aae13a97a22dae20069897af3fe5ba') in 0.015526 seconds 
========================================================================
Received Import Request.
  Time since last request: 0.000378 seconds.
  path: Assets/Tile/FloorWaterRoundCorners_4.asset
  artifactKey: Guid(7d5c9a8c1d178cc49b4a9ffedbe268be) Importer(815301076,1909f56bfc062723c751e8b465ee728b)
Start importing Assets/Tile/FloorWaterRoundCorners_4.asset using Guid(7d5c9a8c1d178cc49b4a9ffedbe268be) Importer(815301076,1909f56bfc062723c751e8b465ee728b)  -> (artifact id: '10884571b4bd1039e9e072f990a8624c') in 0.012682 seconds 
========================================================================
Received Import Request.
  Time since last request: 0.000583 seconds.
  path: Assets/Tile/FloorGrassToBricksSquare_6.asset
  artifactKey: Guid(42b5a8d24c4bb0f46a6fd3ffcf84696f) Importer(815301076,1909f56bfc062723c751e8b465ee728b)
Start importing Assets/Tile/FloorGrassToBricksSquare_6.asset using Guid(42b5a8d24c4bb0f46a6fd3ffcf84696f) Importer(815301076,1909f56bfc062723c751e8b465ee728b)  -> (artifact id: 'feb8183f504976dad57b85e0059f0a64') in 0.018552 seconds 
========================================================================
Received Import Request.
  Time since last request: 0.000414 seconds.
  path: Assets/Tile/FloorBricksToGrassSquare_0.asset
  artifactKey: Guid(a93f991ffd96e0f4b9b4b4c24e7da812) Importer(815301076,1909f56bfc062723c751e8b465ee728b)
Start importing Assets/Tile/FloorBricksToGrassSquare_0.asset using Guid(a93f991ffd96e0f4b9b4b4c24e7da812) Importer(815301076,1909f56bfc062723c751e8b465ee728b)  -> (artifact id: '4a48159230b8abb1ca7387b50da90d0b') in 0.012634 seconds 
========================================================================
Received Import Request.
  Time since last request: 0.000362 seconds.
  path: Assets/Tile/FloorBricksToGrassCorner_7.asset
  artifactKey: Guid(ae8e8d4e37e218940adfd453cf6aea6e) Importer(815301076,1909f56bfc062723c751e8b465ee728b)
Start importing Assets/Tile/FloorBricksToGrassCorner_7.asset using Guid(ae8e8d4e37e218940adfd453cf6aea6e) Importer(815301076,1909f56bfc062723c751e8b465ee728b)  -> (artifact id: 'd1fc36ba5d3839def84f7e71704e6ce7') in 0.016616 seconds 
========================================================================
Received Import Request.
  Time since last request: 0.000392 seconds.
  path: Assets/Tile/FloorWaterRoundCorners_5.asset
  artifactKey: Guid(1ebdf23475d5f13439384bad6ff42dd8) Importer(815301076,1909f56bfc062723c751e8b465ee728b)
Start importing Assets/Tile/FloorWaterRoundCorners_5.asset using Guid(1ebdf23475d5f13439384bad6ff42dd8) Importer(815301076,1909f56bfc062723c751e8b465ee728b)  -> (artifact id: '314bb7c0667f6b3a7040f54582a14009') in 0.014292 seconds 
========================================================================
Received Import Request.
  Time since last request: 0.000336 seconds.
  path: Assets/Tile/FloorGrassToBricksCorner_4.asset
  artifactKey: Guid(aead8cb4e4cdbfa4faf0790e8725efe9) Importer(815301076,1909f56bfc062723c751e8b465ee728b)
Start importing Assets/Tile/FloorGrassToBricksCorner_4.asset using Guid(aead8cb4e4cdbfa4faf0790e8725efe9) Importer(815301076,1909f56bfc062723c751e8b465ee728b)  -> (artifact id: '0b5f458e1b286829194ebe97411c41e1') in 0.014331 seconds 
========================================================================
Received Import Request.
  Time since last request: 0.000455 seconds.
  path: Assets/Tile/FloorBricksToGrassSquare_3.asset
  artifactKey: Guid(7e7a00ff3cd810a4ba8a70ff5c156059) Importer(815301076,1909f56bfc062723c751e8b465ee728b)
Start importing Assets/Tile/FloorBricksToGrassSquare_3.asset using Guid(7e7a00ff3cd810a4ba8a70ff5c156059) Importer(815301076,1909f56bfc062723c751e8b465ee728b)  -> (artifact id: '8b7be5be540368043a6e87ba87802b23') in 0.022151 seconds 
========================================================================
Received Import Request.
  Time since last request: 0.000464 seconds.
  path: Assets/Tile/FloorGrassToBricksSquare_2.asset
  artifactKey: Guid(e29ff781e3edfd645a8676f274efe218) Importer(815301076,1909f56bfc062723c751e8b465ee728b)
Start importing Assets/Tile/FloorGrassToBricksSquare_2.asset using Guid(e29ff781e3edfd645a8676f274efe218) Importer(815301076,1909f56bfc062723c751e8b465ee728b)  -> (artifact id: '08add5d9b44a5e483d9694b5102ee972') in 0.013701 seconds 
========================================================================
Received Import Request.
  Time since last request: 0.000275 seconds.
  path: Assets/Tile/FloorGrassToBricksCorner_1.asset
  artifactKey: Guid(0db866bfb8fd672439a3e3da1f2cfa72) Importer(815301076,1909f56bfc062723c751e8b465ee728b)
Start importing Assets/Tile/FloorGrassToBricksCorner_1.asset using Guid(0db866bfb8fd672439a3e3da1f2cfa72) Importer(815301076,1909f56bfc062723c751e8b465ee728b)  -> (artifact id: '90de355d8dd8bbce7807f20dd81589a8') in 0.013516 seconds 
========================================================================
Received Import Request.
  Time since last request: 0.000293 seconds.
  path: Assets/Tile/FloorGrassToBricksSquare_1.asset
  artifactKey: Guid(7506bc91ee211c74ca98bddf9a4591fd) Importer(815301076,1909f56bfc062723c751e8b465ee728b)
Start importing Assets/Tile/FloorGrassToBricksSquare_1.asset using Guid(7506bc91ee211c74ca98bddf9a4591fd) Importer(815301076,1909f56bfc062723c751e8b465ee728b)  -> (artifact id: '2b3a1f43d59de84400c0681a5ca7ed87') in 0.016645 seconds 
========================================================================
Received Import Request.
  Time since last request: 0.000304 seconds.
  path: Assets/Tile/FloorBricksToGrassCorner_5.asset
  artifactKey: Guid(253a9a08d1e48d7428dd011c96af1a20) Importer(815301076,1909f56bfc062723c751e8b465ee728b)
Start importing Assets/Tile/FloorBricksToGrassCorner_5.asset using Guid(253a9a08d1e48d7428dd011c96af1a20) Importer(815301076,1909f56bfc062723c751e8b465ee728b)  -> (artifact id: 'a70739ce4b1f41f5525850428723ca11') in 0.014027 seconds 
========================================================================
Received Import Request.
  Time since last request: 0.000316 seconds.
  path: Assets/Tile/FloorBricksToGrassSquare_1.asset
  artifactKey: Guid(dfa29315cd3f23c448b79fca191dd4dd) Importer(815301076,1909f56bfc062723c751e8b465ee728b)
Start importing Assets/Tile/FloorBricksToGrassSquare_1.asset using Guid(dfa29315cd3f23c448b79fca191dd4dd) Importer(815301076,1909f56bfc062723c751e8b465ee728b)  -> (artifact id: '1b2f07db8a5aeb5dc83515d8a0384074') in 0.012549 seconds 
========================================================================
Received Import Request.
  Time since last request: 0.000381 seconds.
  path: Assets/Tile/FloorBricksToGrassSquare_7.asset
  artifactKey: Guid(50bd284e9e1a21b45b8e4a900cac5840) Importer(815301076,1909f56bfc062723c751e8b465ee728b)
Start importing Assets/Tile/FloorBricksToGrassSquare_7.asset using Guid(50bd284e9e1a21b45b8e4a900cac5840) Importer(815301076,1909f56bfc062723c751e8b465ee728b)  -> (artifact id: 'a0f6148322c51bb9fee53fb15e083bd2') in 0.016859 seconds 
========================================================================
Received Import Request.
  Time since last request: 0.000277 seconds.
  path: Assets/Tile/FloorGrassToBricksCorner_0.asset
  artifactKey: Guid(086d9fd9ff9cc4c4494fb3d0090510b8) Importer(815301076,1909f56bfc062723c751e8b465ee728b)
Start importing Assets/Tile/FloorGrassToBricksCorner_0.asset using Guid(086d9fd9ff9cc4c4494fb3d0090510b8) Importer(815301076,1909f56bfc062723c751e8b465ee728b)  -> (artifact id: '613a389a6d4d9664ffd2a13c8b8b32b0') in 0.013797 seconds 
========================================================================
Received Import Request.
  Time since last request: 0.000323 seconds.
  path: Assets/Tile/FloorWaterRoundCorners_1.asset
  artifactKey: Guid(a121e98caaa928f4a90f51e704edb90f) Importer(815301076,1909f56bfc062723c751e8b465ee728b)
Start importing Assets/Tile/FloorWaterRoundCorners_1.asset using Guid(a121e98caaa928f4a90f51e704edb90f) Importer(815301076,1909f56bfc062723c751e8b465ee728b)  -> (artifact id: '2d16e7b4f6ce12ca42e17987ce5f76a5') in 0.014607 seconds 
========================================================================
Received Import Request.
  Time since last request: 0.000331 seconds.
  path: Assets/Tile/FloorBricksToGrassCorner_6.asset
  artifactKey: Guid(d6c9587252534304083bf51ff1c9a865) Importer(815301076,1909f56bfc062723c751e8b465ee728b)
Start importing Assets/Tile/FloorBricksToGrassCorner_6.asset using Guid(d6c9587252534304083bf51ff1c9a865) Importer(815301076,1909f56bfc062723c751e8b465ee728b)  -> (artifact id: '9abed0985ef5c63be39121249a2c9a26') in 0.014094 seconds 
========================================================================
Received Import Request.
  Time since last request: 0.000370 seconds.
  path: Assets/Tile/FloorGrassToBricksSquare_3.asset
  artifactKey: Guid(46a8564d1d3cc9547b59bc800607ff09) Importer(815301076,1909f56bfc062723c751e8b465ee728b)
Start importing Assets/Tile/FloorGrassToBricksSquare_3.asset using Guid(46a8564d1d3cc9547b59bc800607ff09) Importer(815301076,1909f56bfc062723c751e8b465ee728b)  -> (artifact id: '8e0e99a07406b6ffab8fb52bdccafd64') in 0.014137 seconds 
========================================================================
Received Import Request.
  Time since last request: 0.000333 seconds.
  path: Assets/Tile/FloorGrassToBricksSquare_7.asset
  artifactKey: Guid(f017a82b181d6c746b631b9c213cf162) Importer(815301076,1909f56bfc062723c751e8b465ee728b)
Start importing Assets/Tile/FloorGrassToBricksSquare_7.asset using Guid(f017a82b181d6c746b631b9c213cf162) Importer(815301076,1909f56bfc062723c751e8b465ee728b)  -> (artifact id: '95dde43dd4757142946192c8cdd0b9e7') in 0.013154 seconds 
========================================================================
Received Import Request.
  Time since last request: 0.000251 seconds.
  path: Assets/Tile/FloorBricksToGrassCorner_1.asset
  artifactKey: Guid(21161178ca44c2b4f9eccfee55bf2af9) Importer(815301076,1909f56bfc062723c751e8b465ee728b)
Start importing Assets/Tile/FloorBricksToGrassCorner_1.asset using Guid(21161178ca44c2b4f9eccfee55bf2af9) Importer(815301076,1909f56bfc062723c751e8b465ee728b)  -> (artifact id: 'cf90fee49c50f1bd90c15a8948f1d542') in 0.013990 seconds 
========================================================================
Received Import Request.
  Time since last request: 0.000347 seconds.
  path: Assets/Tile/FloorGrassToBricksCorner_8.asset
  artifactKey: Guid(11a2ac0065a2c9a4397c9f8bfacc74f3) Importer(815301076,1909f56bfc062723c751e8b465ee728b)
Start importing Assets/Tile/FloorGrassToBricksCorner_8.asset using Guid(11a2ac0065a2c9a4397c9f8bfacc74f3) Importer(815301076,1909f56bfc062723c751e8b465ee728b)  -> (artifact id: 'f5f0d909f89b6f476d5b8c821f7dd143') in 0.013634 seconds 
========================================================================
Received Import Request.
  Time since last request: 0.000384 seconds.
  path: Assets/Tile/FloorWaterRoundCorners_0.asset
  artifactKey: Guid(07ab91f4468c8ea49aada8400bc54a71) Importer(815301076,1909f56bfc062723c751e8b465ee728b)
Start importing Assets/Tile/FloorWaterRoundCorners_0.asset using Guid(07ab91f4468c8ea49aada8400bc54a71) Importer(815301076,1909f56bfc062723c751e8b465ee728b)  -> (artifact id: 'a0a2b51a4ecc5e34e04e61635fb60bc2') in 0.012208 seconds 
========================================================================
Received Import Request.
  Time since last request: 0.000271 seconds.
  path: Assets/Tile/FloorBricksToGrassCorner_3.asset
  artifactKey: Guid(8cc53910fbbaac245b031db8160c8a54) Importer(815301076,1909f56bfc062723c751e8b465ee728b)
Start importing Assets/Tile/FloorBricksToGrassCorner_3.asset using Guid(8cc53910fbbaac245b031db8160c8a54) Importer(815301076,1909f56bfc062723c751e8b465ee728b)  -> (artifact id: 'a4ba0c2d33ce47f0679ec068f66087be') in 0.013934 seconds 
========================================================================
Received Import Request.
  Time since last request: 0.000301 seconds.
  path: Assets/Tile/FloorBricksToGrassSquare_6.asset
  artifactKey: Guid(dd12c36da5229a844ac10e4d74f9b443) Importer(815301076,1909f56bfc062723c751e8b465ee728b)
Start importing Assets/Tile/FloorBricksToGrassSquare_6.asset using Guid(dd12c36da5229a844ac10e4d74f9b443) Importer(815301076,1909f56bfc062723c751e8b465ee728b)  -> (artifact id: '452d474dd0456b8aa58dbdc19ab34e29') in 0.012651 seconds 
========================================================================
Received Import Request.
  Time since last request: 0.000303 seconds.
  path: Assets/Tile/FloorBricksToGrassSquare_5.asset
  artifactKey: Guid(346bc47b8480ed2449b04f0e222cf658) Importer(815301076,1909f56bfc062723c751e8b465ee728b)
Start importing Assets/Tile/FloorBricksToGrassSquare_5.asset using Guid(346bc47b8480ed2449b04f0e222cf658) Importer(815301076,1909f56bfc062723c751e8b465ee728b)  -> (artifact id: '41fadcf4673aa46fd1d4a3eaf201d291') in 0.012639 seconds 
========================================================================
Received Import Request.
  Time since last request: 0.000260 seconds.
  path: Assets/Tile/FloorWaterRoundCorners_8.asset
  artifactKey: Guid(5dee2a27489b2b14ca074b243dacd318) Importer(815301076,1909f56bfc062723c751e8b465ee728b)
Start importing Assets/Tile/FloorWaterRoundCorners_8.asset using Guid(5dee2a27489b2b14ca074b243dacd318) Importer(815301076,1909f56bfc062723c751e8b465ee728b)  -> (artifact id: 'dd5a7d6ae8742f4490777738dd190a25') in 0.014568 seconds 
========================================================================
Received Import Request.
  Time since last request: 0.000342 seconds.
  path: Assets/Tile/FloorBricksToGrassSquare_2.asset
  artifactKey: Guid(42395fc4b770da248b04237b3837e1ef) Importer(815301076,1909f56bfc062723c751e8b465ee728b)
Start importing Assets/Tile/FloorBricksToGrassSquare_2.asset using Guid(42395fc4b770da248b04237b3837e1ef) Importer(815301076,1909f56bfc062723c751e8b465ee728b)  -> (artifact id: '979ed2e2f18f3579d86af0acd3f4f46e') in 0.013503 seconds 
========================================================================
Received Import Request.
  Time since last request: 0.000393 seconds.
  path: Assets/Tile/FloorGrassToBricksCorner_5.asset
  artifactKey: Guid(6176155fcc8a6624bb1092e9773925b1) Importer(815301076,1909f56bfc062723c751e8b465ee728b)
Start importing Assets/Tile/FloorGrassToBricksCorner_5.asset using Guid(6176155fcc8a6624bb1092e9773925b1) Importer(815301076,1909f56bfc062723c751e8b465ee728b)  -> (artifact id: '541e3e4a0297499d16f852471d82e925') in 0.013719 seconds 
========================================================================
Received Import Request.
  Time since last request: 0.000246 seconds.
  path: Assets/Tile/FloorGrassToBricksSquare_5.asset
  artifactKey: Guid(05c6c3ecbc40a274ca954aa64282237b) Importer(815301076,1909f56bfc062723c751e8b465ee728b)
Start importing Assets/Tile/FloorGrassToBricksSquare_5.asset using Guid(05c6c3ecbc40a274ca954aa64282237b) Importer(815301076,1909f56bfc062723c751e8b465ee728b)  -> (artifact id: 'd8426360a7782cd37d1583bdcfe1e824') in 0.013623 seconds 
========================================================================
Received Import Request.
  Time since last request: 0.000351 seconds.
  path: Assets/Tile/FloorGrassToBricksCorner_3.asset
  artifactKey: Guid(2a4a3558c93c2fd41aa81c4949ed15ef) Importer(815301076,1909f56bfc062723c751e8b465ee728b)
Start importing Assets/Tile/FloorGrassToBricksCorner_3.asset using Guid(2a4a3558c93c2fd41aa81c4949ed15ef) Importer(815301076,1909f56bfc062723c751e8b465ee728b)  -> (artifact id: '856f3fb157c22c9d64694ffb856c5941') in 0.012921 seconds 
========================================================================
Received Import Request.
  Time since last request: 0.000318 seconds.
  path: Assets/Tile/FloorBricksToGrassSquare_4.asset
  artifactKey: Guid(431cc2e235464b948a493d882dbdc7c3) Importer(815301076,1909f56bfc062723c751e8b465ee728b)
Start importing Assets/Tile/FloorBricksToGrassSquare_4.asset using Guid(431cc2e235464b948a493d882dbdc7c3) Importer(815301076,1909f56bfc062723c751e8b465ee728b)  -> (artifact id: 'd36d370126cfcb3bc1fb21acbcf68c74') in 0.014974 seconds 
========================================================================
Received Import Request.
  Time since last request: 0.000268 seconds.
  path: Assets/Tile/FloorGrassToBricksSquare_8.asset
  artifactKey: Guid(71b0371ac60c62f45abba4d83ef4d3b7) Importer(815301076,1909f56bfc062723c751e8b465ee728b)
Start importing Assets/Tile/FloorGrassToBricksSquare_8.asset using Guid(71b0371ac60c62f45abba4d83ef4d3b7) Importer(815301076,1909f56bfc062723c751e8b465ee728b)  -> (artifact id: '84e02c67ac5ae92f3ac0239c704f755f') in 0.013475 seconds 
========================================================================
Received Import Request.
  Time since last request: 0.000327 seconds.
  path: Assets/Tile/FloorBricksToGrassCorner_8.asset
  artifactKey: Guid(d9a201e2c86c73d468d2589b56de9e29) Importer(815301076,1909f56bfc062723c751e8b465ee728b)
Start importing Assets/Tile/FloorBricksToGrassCorner_8.asset using Guid(d9a201e2c86c73d468d2589b56de9e29) Importer(815301076,1909f56bfc062723c751e8b465ee728b)  -> (artifact id: '6ad5548fcbcf5894d677ad8728a2a1bc') in 0.012908 seconds 
========================================================================
Received Import Request.
  Time since last request: 0.000428 seconds.
  path: Assets/Tile/FloorWaterRoundCorners_2.asset
  artifactKey: Guid(f853bd6ff209c1547834e116274a99f1) Importer(815301076,1909f56bfc062723c751e8b465ee728b)
Start importing Assets/Tile/FloorWaterRoundCorners_2.asset using Guid(f853bd6ff209c1547834e116274a99f1) Importer(815301076,1909f56bfc062723c751e8b465ee728b)  -> (artifact id: '064f6e8f727f491f776f82fa6073d87f') in 0.013085 seconds 
========================================================================
Received Import Request.
  Time since last request: 0.000357 seconds.
  path: Assets/Tile/FloorBricksToGrassCorner_2.asset
  artifactKey: Guid(a4e04c7af677844409b5214bcc690515) Importer(815301076,1909f56bfc062723c751e8b465ee728b)
Start importing Assets/Tile/FloorBricksToGrassCorner_2.asset using Guid(a4e04c7af677844409b5214bcc690515) Importer(815301076,1909f56bfc062723c751e8b465ee728b)  -> (artifact id: '156f6bbcbe259a57fb8d153e0f322174') in 0.012904 seconds 
========================================================================
Received Import Request.
  Time since last request: 0.000307 seconds.
  path: Assets/Tile/FloorBricksToGrassCorner_0.asset
  artifactKey: Guid(8a3bba31bfdeef24c910d2e512e0693e) Importer(815301076,1909f56bfc062723c751e8b465ee728b)
Start importing Assets/Tile/FloorBricksToGrassCorner_0.asset using Guid(8a3bba31bfdeef24c910d2e512e0693e) Importer(815301076,1909f56bfc062723c751e8b465ee728b)  -> (artifact id: '10515e9adf9509ff33b1d733377e7128') in 0.012607 seconds 
========================================================================
Received Import Request.
  Time since last request: 0.000260 seconds.
  path: Assets/Tile/FloorBricksToGrassSquare_8.asset
  artifactKey: Guid(81652951262fed64db4f92f05684be24) Importer(815301076,1909f56bfc062723c751e8b465ee728b)
Start importing Assets/Tile/FloorBricksToGrassSquare_8.asset using Guid(81652951262fed64db4f92f05684be24) Importer(815301076,1909f56bfc062723c751e8b465ee728b)  -> (artifact id: '066a54d616e77ebf90b7cdff015f2560') in 0.012569 seconds 
========================================================================
Received Import Request.
  Time since last request: 0.000306 seconds.
  path: Assets/Tile/FloorGrassToBricksCorner_6.asset
  artifactKey: Guid(d2e67104a15e4a748ba6e4071601e9d5) Importer(815301076,1909f56bfc062723c751e8b465ee728b)
Start importing Assets/Tile/FloorGrassToBricksCorner_6.asset using Guid(d2e67104a15e4a748ba6e4071601e9d5) Importer(815301076,1909f56bfc062723c751e8b465ee728b)  -> (artifact id: '42a32f4e5e0de198c206fa2867c9c3dd') in 0.012923 seconds 
========================================================================
Received Import Request.
  Time since last request: 0.000263 seconds.
  path: Assets/Tile/FloorBricksToGrassCorner_4.asset
  artifactKey: Guid(992a12f1f1de0d149adc13b0cf672c1d) Importer(815301076,1909f56bfc062723c751e8b465ee728b)
Start importing Assets/Tile/FloorBricksToGrassCorner_4.asset using Guid(992a12f1f1de0d149adc13b0cf672c1d) Importer(815301076,1909f56bfc062723c751e8b465ee728b)  -> (artifact id: 'f2ab0cf3275c4ca7a736e2e8e0dcb15a') in 0.012825 seconds 
========================================================================
Received Import Request.
  Time since last request: 0.000329 seconds.
  path: Assets/Tile/FloorGrassToBricksCorner_2.asset
  artifactKey: Guid(503fe0899a044284c8dd684bb7b3ef33) Importer(815301076,1909f56bfc062723c751e8b465ee728b)
Start importing Assets/Tile/FloorGrassToBricksCorner_2.asset using Guid(503fe0899a044284c8dd684bb7b3ef33) Importer(815301076,1909f56bfc062723c751e8b465ee728b)  -> (artifact id: '20313d0b6c491eb45f1b27d2caef75e0') in 0.012932 seconds 
========================================================================
Received Import Request.
  Time since last request: 0.000292 seconds.
  path: Assets/Tile/FloorGrassToBricksCorner_7.asset
  artifactKey: Guid(54a4a7c450e67db40bdce3196a05b867) Importer(815301076,1909f56bfc062723c751e8b465ee728b)
Start importing Assets/Tile/FloorGrassToBricksCorner_7.asset using Guid(54a4a7c450e67db40bdce3196a05b867) Importer(815301076,1909f56bfc062723c751e8b465ee728b)  -> (artifact id: 'f4c6a286da3f7d34a589c86f593f6fbc') in 0.017112 seconds 
========================================================================
Received Import Request.
  Time since last request: 0.000314 seconds.
  path: Assets/Tile/FloorGrassToBricksSquare_0.asset
  artifactKey: Guid(2e1e1d92ee436b24ab2dd4f95e334396) Importer(815301076,1909f56bfc062723c751e8b465ee728b)
Start importing Assets/Tile/FloorGrassToBricksSquare_0.asset using Guid(2e1e1d92ee436b24ab2dd4f95e334396) Importer(815301076,1909f56bfc062723c751e8b465ee728b)  -> (artifact id: 'db66265bc859a4f41eb722b6f2a8bf43') in 0.017979 seconds 
========================================================================
Received Import Request.
  Time since last request: 0.000304 seconds.
  path: Assets/Tile/FloorWaterRoundCorners_3.asset
  artifactKey: Guid(4e846fa7060a84a41b6e6667cca0975b) Importer(815301076,1909f56bfc062723c751e8b465ee728b)
Start importing Assets/Tile/FloorWaterRoundCorners_3.asset using Guid(4e846fa7060a84a41b6e6667cca0975b) Importer(815301076,1909f56bfc062723c751e8b465ee728b)  -> (artifact id: '7290e3f0e94b46a0eff6380551c6b002') in 0.013085 seconds 
========================================================================
Received Import Request.
  Time since last request: 9.812963 seconds.
  path: Assets/Tile/FloorWaterSquareCorners_0.asset
  artifactKey: Guid(a58cf1955e4d89c47af168d1f132f38c) Importer(815301076,1909f56bfc062723c751e8b465ee728b)
Start importing Assets/Tile/FloorWaterSquareCorners_0.asset using Guid(a58cf1955e4d89c47af168d1f132f38c) Importer(815301076,1909f56bfc062723c751e8b465ee728b)  -> (artifact id: '55cc15bb1cb5fa69ee1895f58a05e9aa') in 0.013147 seconds 
========================================================================
Received Import Request.
  Time since last request: 0.000373 seconds.
  path: Assets/Tile/FloorWaterSquareCorners_7.asset
  artifactKey: Guid(adec749ab8bd27b448a61a35b19d728a) Importer(815301076,1909f56bfc062723c751e8b465ee728b)
Start importing Assets/Tile/FloorWaterSquareCorners_7.asset using Guid(adec749ab8bd27b448a61a35b19d728a) Importer(815301076,1909f56bfc062723c751e8b465ee728b)  -> (artifact id: '37261d50225bb6bd63bb5291420ac7bd') in 0.013195 seconds 
========================================================================
Received Import Request.
  Time since last request: 0.000326 seconds.
  path: Assets/Tile/FloorWaterSquareCorners_6.asset
  artifactKey: Guid(5a41f98f42b13274d8b9d8b8a28004fd) Importer(815301076,1909f56bfc062723c751e8b465ee728b)
Start importing Assets/Tile/FloorWaterSquareCorners_6.asset using Guid(5a41f98f42b13274d8b9d8b8a28004fd) Importer(815301076,1909f56bfc062723c751e8b465ee728b)  -> (artifact id: 'b10a1758fe09a5a0244dddb46e9a3b71') in 0.016923 seconds 
========================================================================
Received Import Request.
  Time since last request: 0.000365 seconds.
  path: Assets/Tile/FloorWaterSquareCorners_4.asset
  artifactKey: Guid(bd906ed2dfac5b147bb15aff8820d1ad) Importer(815301076,1909f56bfc062723c751e8b465ee728b)
Start importing Assets/Tile/FloorWaterSquareCorners_4.asset using Guid(bd906ed2dfac5b147bb15aff8820d1ad) Importer(815301076,1909f56bfc062723c751e8b465ee728b)  -> (artifact id: '1c420f196d9ba5de7dbe6d49ea6aafb3') in 0.015961 seconds 
========================================================================
Received Import Request.
  Time since last request: 0.000406 seconds.
  path: Assets/Tile/FloorWaterSquareCorners_2.asset
  artifactKey: Guid(6418122add880c94ab93f42d100220fc) Importer(815301076,1909f56bfc062723c751e8b465ee728b)
Start importing Assets/Tile/FloorWaterSquareCorners_2.asset using Guid(6418122add880c94ab93f42d100220fc) Importer(815301076,1909f56bfc062723c751e8b465ee728b)  -> (artifact id: '2dcc01a4805dc2fcbad32587bb68a715') in 0.015366 seconds 
========================================================================
Received Import Request.
  Time since last request: 0.000324 seconds.
  path: Assets/Tile/FloorWaterSquareCorners_5.asset
  artifactKey: Guid(5ef86dbf2db9fe5498a814c111f8b100) Importer(815301076,1909f56bfc062723c751e8b465ee728b)
Start importing Assets/Tile/FloorWaterSquareCorners_5.asset using Guid(5ef86dbf2db9fe5498a814c111f8b100) Importer(815301076,1909f56bfc062723c751e8b465ee728b)  -> (artifact id: '6984a5c4b693075afb3ca7cc66f38711') in 0.013964 seconds 
========================================================================
Received Import Request.
  Time since last request: 0.000254 seconds.
  path: Assets/Tile/FloorWaterSquareCorners_1.asset
  artifactKey: Guid(e760790f81d8e0e459bd8cb65c0d7091) Importer(815301076,1909f56bfc062723c751e8b465ee728b)
Start importing Assets/Tile/FloorWaterSquareCorners_1.asset using Guid(e760790f81d8e0e459bd8cb65c0d7091) Importer(815301076,1909f56bfc062723c751e8b465ee728b)  -> (artifact id: 'b86f46c99e81e68e76df931d9f95d31d') in 0.014479 seconds 
========================================================================
Received Import Request.
  Time since last request: 0.000300 seconds.
  path: Assets/Tile/FloorWaterSquareCorners_8.asset
  artifactKey: Guid(efed5ca7141f61b40a78440edf1d8fb9) Importer(815301076,1909f56bfc062723c751e8b465ee728b)
Start importing Assets/Tile/FloorWaterSquareCorners_8.asset using Guid(efed5ca7141f61b40a78440edf1d8fb9) Importer(815301076,1909f56bfc062723c751e8b465ee728b)  -> (artifact id: '1b719021044c58c4d06d28025fe3c1ff') in 0.013742 seconds 
========================================================================
Received Import Request.
  Time since last request: 0.000343 seconds.
  path: Assets/Tile/FloorWaterSquareCorners_3.asset
  artifactKey: Guid(0384c448816784a42a0218989ee7dca8) Importer(815301076,1909f56bfc062723c751e8b465ee728b)
Start importing Assets/Tile/FloorWaterSquareCorners_3.asset using Guid(0384c448816784a42a0218989ee7dca8) Importer(815301076,1909f56bfc062723c751e8b465ee728b)  -> (artifact id: '8dd64761fe809bbc09dd03b1d8c9b86f') in 0.013377 seconds 
========================================================================
Received Import Request.
  Time since last request: 24.440412 seconds.
  path: Assets/Tile/FloorBricksToGrassCorner_8.asset
  artifactKey: Guid(d9a201e2c86c73d468d2589b56de9e29) Importer(815301076,1909f56bfc062723c751e8b465ee728b)
Start importing Assets/Tile/FloorBricksToGrassCorner_8.asset using Guid(d9a201e2c86c73d468d2589b56de9e29) Importer(815301076,1909f56bfc062723c751e8b465ee728b)  -> (artifact id: '5840360e75fab7d516c49151162dd87e') in 0.013119 seconds 
========================================================================
Received Import Request.
  Time since last request: 0.000328 seconds.
  path: Assets/Tile/FloorGrassToBricksSquare_4.asset
  artifactKey: Guid(786a7f7973c163f47bad7974caf79720) Importer(815301076,1909f56bfc062723c751e8b465ee728b)
Start importing Assets/Tile/FloorGrassToBricksSquare_4.asset using Guid(786a7f7973c163f47bad7974caf79720) Importer(815301076,1909f56bfc062723c751e8b465ee728b)  -> (artifact id: '7eeef7a321d51a71a60c15d8bfe1fbe3') in 0.012882 seconds 
========================================================================
Received Import Request.
  Time since last request: 0.000306 seconds.
  path: Assets/Tile/FloorGrassToBricksSquare_6.asset
  artifactKey: Guid(42b5a8d24c4bb0f46a6fd3ffcf84696f) Importer(815301076,1909f56bfc062723c751e8b465ee728b)
Start importing Assets/Tile/FloorGrassToBricksSquare_6.asset using Guid(42b5a8d24c4bb0f46a6fd3ffcf84696f) Importer(815301076,1909f56bfc062723c751e8b465ee728b)  -> (artifact id: 'a4b82329228fa5c05b1ce857766ca235') in 0.011749 seconds 
========================================================================
Received Import Request.
  Time since last request: 0.000378 seconds.
  path: Assets/Tile/FloorBricksToGrassSquare_0.asset
  artifactKey: Guid(a93f991ffd96e0f4b9b4b4c24e7da812) Importer(815301076,1909f56bfc062723c751e8b465ee728b)
Start importing Assets/Tile/FloorBricksToGrassSquare_0.asset using Guid(a93f991ffd96e0f4b9b4b4c24e7da812) Importer(815301076,1909f56bfc062723c751e8b465ee728b)  -> (artifact id: '73e9de4d13fb89ab61ccc65894d55969') in 0.012144 seconds 
========================================================================
Received Import Request.
  Time since last request: 0.000292 seconds.
  path: Assets/Tile/FloorGrassToBricksCorner_4.asset
  artifactKey: Guid(aead8cb4e4cdbfa4faf0790e8725efe9) Importer(815301076,1909f56bfc062723c751e8b465ee728b)
Start importing Assets/Tile/FloorGrassToBricksCorner_4.asset using Guid(aead8cb4e4cdbfa4faf0790e8725efe9) Importer(815301076,1909f56bfc062723c751e8b465ee728b)  -> (artifact id: 'fe8e5200df382173c93e7f25dfd4a15e') in 0.012043 seconds 
========================================================================
Received Import Request.
  Time since last request: 0.000275 seconds.
  path: Assets/Tile/FloorBricksToGrassSquare_3.asset
  artifactKey: Guid(7e7a00ff3cd810a4ba8a70ff5c156059) Importer(815301076,1909f56bfc062723c751e8b465ee728b)
Start importing Assets/Tile/FloorBricksToGrassSquare_3.asset using Guid(7e7a00ff3cd810a4ba8a70ff5c156059) Importer(815301076,1909f56bfc062723c751e8b465ee728b)  -> (artifact id: '7723c14283f6c2f4aa888f142c5c19d6') in 0.012255 seconds 
========================================================================
Received Import Request.
  Time since last request: 0.000323 seconds.
  path: Assets/Tile/FloorGrassToBricksSquare_2.asset
  artifactKey: Guid(e29ff781e3edfd645a8676f274efe218) Importer(815301076,1909f56bfc062723c751e8b465ee728b)
Start importing Assets/Tile/FloorGrassToBricksSquare_2.asset using Guid(e29ff781e3edfd645a8676f274efe218) Importer(815301076,1909f56bfc062723c751e8b465ee728b)  -> (artifact id: '6e9dfdaaf6c87899fa1667914783994b') in 0.011929 seconds 
========================================================================
Received Import Request.
  Time since last request: 0.000367 seconds.
  path: Assets/Tile/FloorGrassToBricksCorner_1.asset
  artifactKey: Guid(0db866bfb8fd672439a3e3da1f2cfa72) Importer(815301076,1909f56bfc062723c751e8b465ee728b)
Start importing Assets/Tile/FloorGrassToBricksCorner_1.asset using Guid(0db866bfb8fd672439a3e3da1f2cfa72) Importer(815301076,1909f56bfc062723c751e8b465ee728b)  -> (artifact id: 'f0883693c489a008b31029a7f31ea116') in 0.013940 seconds 
========================================================================
Received Import Request.
  Time since last request: 0.000320 seconds.
  path: Assets/Tile/FloorGrassToBricksSquare_1.asset
  artifactKey: Guid(7506bc91ee211c74ca98bddf9a4591fd) Importer(815301076,1909f56bfc062723c751e8b465ee728b)
Start importing Assets/Tile/FloorGrassToBricksSquare_1.asset using Guid(7506bc91ee211c74ca98bddf9a4591fd) Importer(815301076,1909f56bfc062723c751e8b465ee728b)  -> (artifact id: '8ed7e91c056a42609b2a98214e02cda7') in 0.012874 seconds 
========================================================================
Received Import Request.
  Time since last request: 0.000562 seconds.
  path: Assets/Tile/FloorBricksToGrassSquare_1.asset
  artifactKey: Guid(dfa29315cd3f23c448b79fca191dd4dd) Importer(815301076,1909f56bfc062723c751e8b465ee728b)
Start importing Assets/Tile/FloorBricksToGrassSquare_1.asset using Guid(dfa29315cd3f23c448b79fca191dd4dd) Importer(815301076,1909f56bfc062723c751e8b465ee728b)  -> (artifact id: '783fe8f4ad6f9387a819bae574aeb470') in 0.014890 seconds 
========================================================================
Received Import Request.
  Time since last request: 0.000295 seconds.
  path: Assets/Tile/FloorBricksToGrassSquare_7.asset
  artifactKey: Guid(50bd284e9e1a21b45b8e4a900cac5840) Importer(815301076,1909f56bfc062723c751e8b465ee728b)
Start importing Assets/Tile/FloorBricksToGrassSquare_7.asset using Guid(50bd284e9e1a21b45b8e4a900cac5840) Importer(815301076,1909f56bfc062723c751e8b465ee728b)  -> (artifact id: '53a3e41338b957e15e6d0bf9fc4e40f4') in 0.012240 seconds 
========================================================================
Received Import Request.
  Time since last request: 0.000339 seconds.
  path: Assets/Tile/FloorGrassToBricksCorner_0.asset
  artifactKey: Guid(086d9fd9ff9cc4c4494fb3d0090510b8) Importer(815301076,1909f56bfc062723c751e8b465ee728b)
Start importing Assets/Tile/FloorGrassToBricksCorner_0.asset using Guid(086d9fd9ff9cc4c4494fb3d0090510b8) Importer(815301076,1909f56bfc062723c751e8b465ee728b)  -> (artifact id: '3154f0c2e466985868df539983641dd4') in 0.012581 seconds 
========================================================================
Received Import Request.
  Time since last request: 0.000629 seconds.
  path: Assets/Tile/FloorGrassToBricksSquare_3.asset
  artifactKey: Guid(46a8564d1d3cc9547b59bc800607ff09) Importer(815301076,1909f56bfc062723c751e8b465ee728b)
Start importing Assets/Tile/FloorGrassToBricksSquare_3.asset using Guid(46a8564d1d3cc9547b59bc800607ff09) Importer(815301076,1909f56bfc062723c751e8b465ee728b)  -> (artifact id: 'e8b3f898d8e6f84b073b307a546aab2a') in 0.012201 seconds 
========================================================================
Received Import Request.
  Time since last request: 0.000331 seconds.
  path: Assets/Tile/FloorGrassToBricksSquare_7.asset
  artifactKey: Guid(f017a82b181d6c746b631b9c213cf162) Importer(815301076,1909f56bfc062723c751e8b465ee728b)
Start importing Assets/Tile/FloorGrassToBricksSquare_7.asset using Guid(f017a82b181d6c746b631b9c213cf162) Importer(815301076,1909f56bfc062723c751e8b465ee728b)  -> (artifact id: '1831a139e80ad2009798640848094810') in 0.011664 seconds 
========================================================================
Received Import Request.
  Time since last request: 0.000400 seconds.
  path: Assets/Tile/FloorGrassToBricksCorner_8.asset
  artifactKey: Guid(11a2ac0065a2c9a4397c9f8bfacc74f3) Importer(815301076,1909f56bfc062723c751e8b465ee728b)
Start importing Assets/Tile/FloorGrassToBricksCorner_8.asset using Guid(11a2ac0065a2c9a4397c9f8bfacc74f3) Importer(815301076,1909f56bfc062723c751e8b465ee728b)  -> (artifact id: 'f0f79b0c381d08535593617f6140f7be') in 0.011299 seconds 
========================================================================
Received Import Request.
  Time since last request: 0.000417 seconds.
  path: Assets/Tile/FloorBricksToGrassSquare_6.asset
  artifactKey: Guid(dd12c36da5229a844ac10e4d74f9b443) Importer(815301076,1909f56bfc062723c751e8b465ee728b)
Start importing Assets/Tile/FloorBricksToGrassSquare_6.asset using Guid(dd12c36da5229a844ac10e4d74f9b443) Importer(815301076,1909f56bfc062723c751e8b465ee728b)  -> (artifact id: 'dd99d656ef7ff136f85206691e80a58a') in 0.012405 seconds 
========================================================================
Received Import Request.
  Time since last request: 0.000315 seconds.
  path: Assets/Tile/FloorBricksToGrassSquare_5.asset
  artifactKey: Guid(346bc47b8480ed2449b04f0e222cf658) Importer(815301076,1909f56bfc062723c751e8b465ee728b)
Start importing Assets/Tile/FloorBricksToGrassSquare_5.asset using Guid(346bc47b8480ed2449b04f0e222cf658) Importer(815301076,1909f56bfc062723c751e8b465ee728b)  -> (artifact id: 'b0cb629f04da48af75065771b582100c') in 0.010932 seconds 
========================================================================
Received Import Request.
  Time since last request: 0.000316 seconds.
  path: Assets/Tile/FloorBricksToGrassSquare_2.asset
  artifactKey: Guid(42395fc4b770da248b04237b3837e1ef) Importer(815301076,1909f56bfc062723c751e8b465ee728b)
Start importing Assets/Tile/FloorBricksToGrassSquare_2.asset using Guid(42395fc4b770da248b04237b3837e1ef) Importer(815301076,1909f56bfc062723c751e8b465ee728b)  -> (artifact id: 'fe67c30d087606ab79c43a9917fd161f') in 0.012309 seconds 
========================================================================
Received Import Request.
  Time since last request: 0.000340 seconds.
  path: Assets/Tile/FloorGrassToBricksCorner_5.asset
  artifactKey: Guid(6176155fcc8a6624bb1092e9773925b1) Importer(815301076,1909f56bfc062723c751e8b465ee728b)
Start importing Assets/Tile/FloorGrassToBricksCorner_5.asset using Guid(6176155fcc8a6624bb1092e9773925b1) Importer(815301076,1909f56bfc062723c751e8b465ee728b)  -> (artifact id: 'a6afe21a6b083e0fd44ad3ac55586184') in 0.012026 seconds 
========================================================================
Received Import Request.
  Time since last request: 0.000271 seconds.
  path: Assets/Tile/FloorGrassToBricksSquare_5.asset
  artifactKey: Guid(05c6c3ecbc40a274ca954aa64282237b) Importer(815301076,1909f56bfc062723c751e8b465ee728b)
Start importing Assets/Tile/FloorGrassToBricksSquare_5.asset using Guid(05c6c3ecbc40a274ca954aa64282237b) Importer(815301076,1909f56bfc062723c751e8b465ee728b)  -> (artifact id: 'ce97a11be65fd9b7b8de301cc0792e75') in 0.012191 seconds 
========================================================================
Received Import Request.
  Time since last request: 0.000338 seconds.
  path: Assets/Tile/FloorGrassToBricksCorner_3.asset
  artifactKey: Guid(2a4a3558c93c2fd41aa81c4949ed15ef) Importer(815301076,1909f56bfc062723c751e8b465ee728b)
Start importing Assets/Tile/FloorGrassToBricksCorner_3.asset using Guid(2a4a3558c93c2fd41aa81c4949ed15ef) Importer(815301076,1909f56bfc062723c751e8b465ee728b)  -> (artifact id: '07add950bf0e0127c4424f4f773cea37') in 0.013265 seconds 
========================================================================
Received Import Request.
  Time since last request: 0.000311 seconds.
  path: Assets/Tile/FloorBricksToGrassSquare_4.asset
  artifactKey: Guid(431cc2e235464b948a493d882dbdc7c3) Importer(815301076,1909f56bfc062723c751e8b465ee728b)
Start importing Assets/Tile/FloorBricksToGrassSquare_4.asset using Guid(431cc2e235464b948a493d882dbdc7c3) Importer(815301076,1909f56bfc062723c751e8b465ee728b)  -> (artifact id: 'b3f210ccf948a0ac9eda0fa4049cf043') in 0.013503 seconds 
========================================================================
Received Import Request.
  Time since last request: 0.000334 seconds.
  path: Assets/Tile/FloorGrassToBricksSquare_8.asset
  artifactKey: Guid(71b0371ac60c62f45abba4d83ef4d3b7) Importer(815301076,1909f56bfc062723c751e8b465ee728b)
Start importing Assets/Tile/FloorGrassToBricksSquare_8.asset using Guid(71b0371ac60c62f45abba4d83ef4d3b7) Importer(815301076,1909f56bfc062723c751e8b465ee728b)  -> (artifact id: 'be856b032fb727d32b654adeac436c9b') in 0.013561 seconds 
========================================================================
Received Import Request.
  Time since last request: 0.000342 seconds.
  path: Assets/Tile/FloorBricksToGrassSquare_8.asset
  artifactKey: Guid(81652951262fed64db4f92f05684be24) Importer(815301076,1909f56bfc062723c751e8b465ee728b)
Start importing Assets/Tile/FloorBricksToGrassSquare_8.asset using Guid(81652951262fed64db4f92f05684be24) Importer(815301076,1909f56bfc062723c751e8b465ee728b)  -> (artifact id: '1799a6392ada5154426b0ec88190cfa2') in 0.011662 seconds 
========================================================================
Received Import Request.
  Time since last request: 0.000468 seconds.
  path: Assets/Tile/FloorGrassToBricksCorner_6.asset
  artifactKey: Guid(d2e67104a15e4a748ba6e4071601e9d5) Importer(815301076,1909f56bfc062723c751e8b465ee728b)
Start importing Assets/Tile/FloorGrassToBricksCorner_6.asset using Guid(d2e67104a15e4a748ba6e4071601e9d5) Importer(815301076,1909f56bfc062723c751e8b465ee728b)  -> (artifact id: 'd25c7f6952635a4dacb725c74fcce5d0') in 0.011966 seconds 
========================================================================
Received Import Request.
  Time since last request: 0.000365 seconds.
  path: Assets/Tile/FloorGrassToBricksCorner_2.asset
  artifactKey: Guid(503fe0899a044284c8dd684bb7b3ef33) Importer(815301076,1909f56bfc062723c751e8b465ee728b)
Start importing Assets/Tile/FloorGrassToBricksCorner_2.asset using Guid(503fe0899a044284c8dd684bb7b3ef33) Importer(815301076,1909f56bfc062723c751e8b465ee728b)  -> (artifact id: '6eb0c5b2940785a7770bbfb64179dac3') in 0.012626 seconds 
========================================================================
Received Import Request.
  Time since last request: 0.000431 seconds.
  path: Assets/Tile/FloorGrassToBricksCorner_7.asset
  artifactKey: Guid(54a4a7c450e67db40bdce3196a05b867) Importer(815301076,1909f56bfc062723c751e8b465ee728b)
Start importing Assets/Tile/FloorGrassToBricksCorner_7.asset using Guid(54a4a7c450e67db40bdce3196a05b867) Importer(815301076,1909f56bfc062723c751e8b465ee728b)  -> (artifact id: '161c063ac1c0369ff3cbbc5ea587837a') in 0.012860 seconds 
========================================================================
Received Import Request.
  Time since last request: 0.000298 seconds.
  path: Assets/Tile/FloorGrassToBricksSquare_0.asset
  artifactKey: Guid(2e1e1d92ee436b24ab2dd4f95e334396) Importer(815301076,1909f56bfc062723c751e8b465ee728b)
Start importing Assets/Tile/FloorGrassToBricksSquare_0.asset using Guid(2e1e1d92ee436b24ab2dd4f95e334396) Importer(815301076,1909f56bfc062723c751e8b465ee728b)  -> (artifact id: 'c7c7db288f20cd02f4af6385cfc5b5f3') in 0.011749 seconds 
========================================================================
Received Prepare
Registering precompiled user dll's ...
Registered in 0.006493 seconds.
Begin MonoManager ReloadAssembly
Native extension for WindowsStandalone target not found
Refreshing native plugins compatible for Editor in 0.44 ms, found 3 plugins.
Preloading 0 native plugins for Editor in 0.00 ms.
Mono: successfully reloaded assembly
- Completed reload, in  1.129 seconds
Domain Reload Profiling:
	ReloadAssembly (1129ms)
		BeginReloadAssembly (163ms)
			ExecutionOrderSort (0ms)
			DisableScriptedObjects (6ms)
			BackupInstance (0ms)
			ReleaseScriptingObjects (0ms)
			CreateAndSetChildDomain (37ms)
		EndReloadAssembly (892ms)
			LoadAssemblies (158ms)
			RebuildTransferFunctionScriptingTraits (0ms)
			SetupTypeCache (296ms)
			ReleaseScriptCaches (1ms)
			RebuildScriptCaches (50ms)
			SetupLoadedEditorAssemblies (335ms)
				LogAssemblyErrors (0ms)
				InitializePlatformSupportModulesInManaged (4ms)
				SetLoadedEditorAssemblies (0ms)
				RefreshPlugins (1ms)
				BeforeProcessingInitializeOnLoad (104ms)
				ProcessInitializeOnLoadAttributes (195ms)
				ProcessInitializeOnLoadMethodAttributes (18ms)
				AfterProcessingInitializeOnLoad (14ms)
				EditorAssembliesLoaded (0ms)
			ExecutionOrderSort2 (0ms)
			AwakeInstancesAfterBackupRestoration (5ms)
Platform modules already initialized, skipping
Refreshing native plugins compatible for Editor in 0.46 ms, found 3 plugins.
Preloading 0 native plugins for Editor in 0.00 ms.
Unloading 2216 Unused Serialized files (Serialized files now loaded: 0)
System memory in use before: 103.5 MB.
System memory in use after: 103.5 MB.

Unloading 20 unused Assets to reduce memory usage. Loaded Objects now: 2698.
Total: 3.063400 ms (FindLiveObjects: 0.159900 ms CreateObjectMapping: 0.065400 ms MarkObjects: 2.674900 ms  DeleteObjects: 0.162300 ms)

AssetImportParameters requested are different than current active one (requested -> active):
  custom:framework-win-MediaFoundation: 216162199b28c13a410421893ffa2e32 -> 
  custom:video-decoder-ogg-theora: a1e56fd34408186e4bbccfd4996cb3dc -> 
  custom:container-muxer-webm: aa71ff27fc2769a1b78a27578f13a17b -> 
  custom:container-demuxer-webm: 4f35f7cbe854078d1ac9338744f61a02 -> 
  custom:container-demuxer-ogg: 62fdf1f143b41e24485cea50d1cbac27 -> 
  custom:video-encoder-webm-vp8: eb34c28f22e8b96e1ab97ce403110664 -> 
  custom:video-decoder-webm-vp8: 9c59270c3fd7afecdb556c50c9e8de78 -> 
  custom:audio-decoder-ogg-vorbis: bf7c407c2cedff20999df2af8eb42d56 -> 
  custom:audio-encoder-webm-vorbis: bf7c407c2cedff20999df2af8eb42d56 -> 
========================================================================
Received Prepare
Registering precompiled user dll's ...
Registered in 0.006361 seconds.
Begin MonoManager ReloadAssembly
Native extension for WindowsStandalone target not found
Refreshing native plugins compatible for Editor in 0.58 ms, found 3 plugins.
Preloading 0 native plugins for Editor in 0.00 ms.
Mono: successfully reloaded assembly
- Completed reload, in  1.389 seconds
Domain Reload Profiling:
	ReloadAssembly (1389ms)
		BeginReloadAssembly (177ms)
			ExecutionOrderSort (0ms)
			DisableScriptedObjects (8ms)
			BackupInstance (0ms)
			ReleaseScriptingObjects (0ms)
			CreateAndSetChildDomain (40ms)
		EndReloadAssembly (1127ms)
			LoadAssemblies (176ms)
			RebuildTransferFunctionScriptingTraits (0ms)
			SetupTypeCache (351ms)
			ReleaseScriptCaches (1ms)
			RebuildScriptCaches (52ms)
			SetupLoadedEditorAssemblies (450ms)
				LogAssemblyErrors (0ms)
				InitializePlatformSupportModulesInManaged (6ms)
				SetLoadedEditorAssemblies (1ms)
				RefreshPlugins (1ms)
				BeforeProcessingInitializeOnLoad (133ms)
				ProcessInitializeOnLoadAttributes (275ms)
				ProcessInitializeOnLoadMethodAttributes (17ms)
				AfterProcessingInitializeOnLoad (17ms)
				EditorAssembliesLoaded (0ms)
			ExecutionOrderSort2 (0ms)
			AwakeInstancesAfterBackupRestoration (6ms)
Platform modules already initialized, skipping
Refreshing native plugins compatible for Editor in 0.45 ms, found 3 plugins.
Preloading 0 native plugins for Editor in 0.00 ms.
Unloading 2216 Unused Serialized files (Serialized files now loaded: 0)
System memory in use before: 103.5 MB.
System memory in use after: 103.5 MB.

Unloading 20 unused Assets to reduce memory usage. Loaded Objects now: 2701.
Total: 4.655600 ms (FindLiveObjects: 0.204700 ms CreateObjectMapping: 0.088000 ms MarkObjects: 4.186700 ms  DeleteObjects: 0.174800 ms)

AssetImportParameters requested are different than current active one (requested -> active):
  custom:framework-win-MediaFoundation: 216162199b28c13a410421893ffa2e32 -> 
  custom:video-decoder-ogg-theora: a1e56fd34408186e4bbccfd4996cb3dc -> 
  custom:container-muxer-webm: aa71ff27fc2769a1b78a27578f13a17b -> 
  custom:container-demuxer-webm: 4f35f7cbe854078d1ac9338744f61a02 -> 
  custom:container-demuxer-ogg: 62fdf1f143b41e24485cea50d1cbac27 -> 
  custom:video-encoder-webm-vp8: eb34c28f22e8b96e1ab97ce403110664 -> 
  custom:video-decoder-webm-vp8: 9c59270c3fd7afecdb556c50c9e8de78 -> 
  custom:audio-decoder-ogg-vorbis: bf7c407c2cedff20999df2af8eb42d56 -> 
  custom:audio-encoder-webm-vorbis: bf7c407c2cedff20999df2af8eb42d56 -> 
AssetImportWorkerClient::OnTransportError - code=2 error=End of file
